<?xml version="1.0" encoding="UTF-8"?>
<!-- Generated by org.testng.reporters.JUnitReportReporter -->
<testsuite hostname="SWATHIM201" failures="0" tests="1" name="driverFactory.DriverScript" time="28.327" errors="0" timestamp="31 Mar 2023 11:44:30 GMT">
  <testcase classname="driverFactory.DriverScript" name="startTest" time="28.327"/>
</testsuite> <!-- driverFactory.DriverScript -->
